The system is: Windows - 10.0.18363 - AMD64
Compiling the C compiler identification source file "CMakeCCompilerId.c" succeeded.
Compiler: C:/MinGW/bin/gcc.exe 
Build flags: 
Id flags:  

The output was:
0


Compilation of the C compiler identification source "CMakeCCompilerId.c" produced "a.exe"

The C compiler identification is GNU, found in "E:/NAMI/Year 2/Term II/Courses/Software Engineering/Week 10/Lab/Project/cmake-build-debug/CMakeFiles/3.17.5/CompilerIdC/a.exe"

Compiling the CXX compiler identification source file "CMakeCXXCompilerId.cpp" succeeded.
Compiler: C:/MinGW/bin/g++.exe 
Build flags: 
Id flags:  

The output was:
0


Compilation of the CXX compiler identification source "CMakeCXXCompilerId.cpp" produced "a.exe"

The CXX compiler identification is GNU, found in "E:/NAMI/Year 2/Term II/Courses/Software Engineering/Week 10/Lab/Project/cmake-build-debug/CMakeFiles/3.17.5/CompilerIdCXX/a.exe"

Determining if the C compiler works passed with the following output:
Change Dir: E:/NAMI/Year 2/Term II/Courses/Software Engineering/Week 10/Lab/Project/cmake-build-debug/CMakeFiles/CMakeTmp

Run Build Command(s):C:/MinGW/bin/mingw32-make.exe cmTC_52b7e/fast && C:/MinGW/bin/mingw32-make.exe  -f CMakeFiles\cmTC_52b7e.dir\build.make CMakeFiles/cmTC_52b7e.dir/build
mingw32-make.exe[1]: Entering directory 'E:/NAMI/Year 2/Term II/Courses/Software Engineering/Week 10/Lab/Project/cmake-build-debug/CMakeFiles/CMakeTmp'
Building C object CMakeFiles/cmTC_52b7e.dir/testCCompiler.c.obj
C:\MinGW\bin\gcc.exe    -o CMakeFiles\cmTC_52b7e.dir\testCCompiler.c.obj   -c "E:\NAMI\Year 2\Term II\Courses\Software Engineering\Week 10\Lab\Project\cmake-build-debug\CMakeFiles\CMakeTmp\testCCompiler.c"
Linking C executable cmTC_52b7e.exe
"H:\CLion\CLion 2020.3.1\bin\cmake\win\bin\cmake.exe" -E cmake_link_script CMakeFiles\cmTC_52b7e.dir\link.txt --verbose=1
"H:\CLion\CLion 2020.3.1\bin\cmake\win\bin\cmake.exe" -E rm -f CMakeFiles\cmTC_52b7e.dir/objects.a
C:\MinGW\bin\ar.exe cr CMakeFiles\cmTC_52b7e.dir/objects.a @CMakeFiles\cmTC_52b7e.dir\objects1.rsp
C:\MinGW\bin\gcc.exe      -Wl,--whole-archive CMakeFiles\cmTC_52b7e.dir/objects.a -Wl,--no-whole-archive  -o cmTC_52b7e.exe -Wl,--out-implib,libcmTC_52b7e.dll.a -Wl,--major-image-version,0,--minor-image-version,0 @CMakeFiles\cmTC_52b7e.dir\linklibs.rsp
mingw32-make.exe[1]: Leaving directory 'E:/NAMI/Year 2/Term II/Courses/Software Engineering/Week 10/Lab/Project/cmake-build-debug/CMakeFiles/CMakeTmp'



